c:\users\17hog\source\repos\lab04\lab04\debug\lab04.pch
c:\users\17hog\source\repos\lab04\lab04\debug\vc141.pdb
c:\users\17hog\source\repos\lab04\lab04\debug\vc141.idb
c:\users\17hog\source\repos\lab04\lab04\debug\stdafx.obj
c:\users\17hog\source\repos\lab04\lab04\debug\lab04.obj
c:\users\17hog\source\repos\lab04\debug\lab04.pdb
c:\users\17hog\source\repos\lab04\lab04\debug\lab04.tlog\cl.command.1.tlog
c:\users\17hog\source\repos\lab04\lab04\debug\lab04.tlog\cl.read.1.tlog
c:\users\17hog\source\repos\lab04\lab04\debug\lab04.tlog\cl.write.1.tlog
c:\users\17hog\source\repos\lab04\lab04\debug\lab04.tlog\link-cvtres.read.1.tlog
c:\users\17hog\source\repos\lab04\lab04\debug\lab04.tlog\link-cvtres.write.1.tlog
c:\users\17hog\source\repos\lab04\lab04\debug\lab04.tlog\link-rc.read.1.tlog
c:\users\17hog\source\repos\lab04\lab04\debug\lab04.tlog\link-rc.write.1.tlog
c:\users\17hog\source\repos\lab04\lab04\debug\lab04.tlog\link.572-cvtres.read.1.tlog
c:\users\17hog\source\repos\lab04\lab04\debug\lab04.tlog\link.572-cvtres.write.1.tlog
c:\users\17hog\source\repos\lab04\lab04\debug\lab04.tlog\link.572-rc.read.1.tlog
c:\users\17hog\source\repos\lab04\lab04\debug\lab04.tlog\link.572-rc.write.1.tlog
c:\users\17hog\source\repos\lab04\lab04\debug\lab04.tlog\link.572.read.1.tlog
c:\users\17hog\source\repos\lab04\lab04\debug\lab04.tlog\link.572.write.1.tlog
c:\users\17hog\source\repos\lab04\lab04\debug\lab04.tlog\link.command.1.tlog
c:\users\17hog\source\repos\lab04\lab04\debug\lab04.tlog\link.read.1.tlog
c:\users\17hog\source\repos\lab04\lab04\debug\lab04.tlog\link.write.1.tlog
